<?xml version="1.0" encoding="UTF-8"?>
<!-- Generated by org.testng.reporters.JUnitReportReporter -->
<testsuite skipped="0" hostname="DESKTOP-66SGQGC" name="com.selenium.Screenshots" tests="1" failures="0" timestamp="26 Feb 2020 11:58:37 GMT" time="17.161" errors="0">
  <testcase name="ScreenshotOfWebElement" time="17.161" classname="com.selenium.Screenshots"/>
</testsuite> <!-- com.selenium.Screenshots -->
