<?xml version="1.0" encoding="UTF-8"?>
<!-- Generated by org.testng.reporters.JUnitReportReporter -->
<testsuite skipped="0" hostname="DESKTOP-66SGQGC" name="com.selenium.RelativeLocators" tests="2" failures="0" timestamp="26 Feb 2020 11:29:21 GMT" time="0.416" errors="0">
  <testcase name="test2" time="0.188" classname="com.selenium.RelativeLocators"/>
  <testcase name="test1" time="0.228" classname="com.selenium.RelativeLocators"/>
</testsuite> <!-- com.selenium.RelativeLocators -->
