<?xml version="1.0" encoding="UTF-8"?>
<!-- Generated by org.testng.reporters.JUnitReportReporter -->
<testsuite skipped="0" hostname="DESKTOP-66SGQGC" name="DataDrivenTestMO.OrangeHRMLoginDD" tests="4" failures="0" timestamp="09 Mar 2020 04:35:38 GMT" time="97.349" errors="0">
  <testcase name="loginToWordPress" time="22.186" classname="DataDrivenTestMO.OrangeHRMLoginDD"/>
  <testcase name="loginToWordPress" time="24.628" classname="DataDrivenTestMO.OrangeHRMLoginDD"/>
  <testcase name="loginToWordPress" time="23.372" classname="DataDrivenTestMO.OrangeHRMLoginDD"/>
  <testcase name="loginToWordPress" time="27.163" classname="DataDrivenTestMO.OrangeHRMLoginDD"/>
</testsuite> <!-- DataDrivenTestMO.OrangeHRMLoginDD -->
