<?xml version="1.0" encoding="UTF-8"?>
<!-- Generated by org.testng.reporters.JUnitReportReporter -->
<testsuite skipped="0" hostname="DESKTOP-66SGQGC" name="DataDrivenTestMO.OrangeHRMLogin" tests="3" failures="0" timestamp="09 Mar 2020 03:41:11 GMT" time="50.862" errors="0">
  <testcase name="loginToWordPress" time="15.116" classname="DataDrivenTestMO.OrangeHRMLogin"/>
  <testcase name="loginToWordPress" time="19.509" classname="DataDrivenTestMO.OrangeHRMLogin"/>
  <testcase name="loginToWordPress" time="16.237" classname="DataDrivenTestMO.OrangeHRMLogin"/>
</testsuite> <!-- DataDrivenTestMO.OrangeHRMLogin -->
