<?xml version="1.0" encoding="UTF-8"?>
<!-- Generated by org.testng.reporters.JUnitReportReporter -->
<testsuite skipped="0" hostname="DESKTOP-66SGQGC" name="com.selenium.Selenium4Features" tests="1" failures="0" timestamp="26 Feb 2020 10:20:25 GMT" time="17.846" errors="0">
  <testcase name="verifySocialMediaiconsRelativeLocators" time="17.846" classname="com.selenium.Selenium4Features"/>
</testsuite> <!-- com.selenium.Selenium4Features -->
